<?xml version="1.0" encoding="utf-8"?><testsuites name="pytest tests"><testsuite name="pytest" errors="0" failures="0" skipped="1" tests="17" time="27.902" timestamp="2026-09-06T12:46:16.936491+00:00" hostname="agent-env-d3a85965-039c-4dd7-81c5-3deda0b9a22c"><testcase classname="tests.test_iter3.TestRegisterPending" name="test_register_returns_pending_no_cookies" time="0.817" /><testcase classname="tests.test_iter3.TestLoginGating" name="test_login_blocked_when_pending" time="0.857" /><testcase classname="tests.test_iter3.TestLoginGating" name="test_login_blocked_when_rejected" time="1.382" /><testcase classname="tests.test_iter3.TestLoginGating" name="test_login_ok_when_approved" time="1.088" /><testcase classname="tests.test_iter3.TestAdminStatus" name="test_admin_users_returns_status_field" time="0.080" /><testcase classname="tests.test_iter3.TestAdminStatus" name="test_cannot_change_own_status" time="0.137" /><testcase classname="tests.test_iter3.TestAdminStatus" name="test_non_admin_cannot_call_status" time="1.467" /><testcase classname="tests.test_iter3.TestChangePassword" name="test_change_password_requires_auth" time="0.114" /><testcase classname="tests.test_iter3.TestChangePassword" name="test_change_password_wrong_current_401" time="1.483" /><testcase classname="tests.test_iter3.TestChangePassword" name="test_change_password_too_short_400" time="1.115" /><testcase classname="tests.test_iter3.TestChangePassword" name="test_change_password_same_as_current_400" time="1.367" /><testcase classname="tests.test_iter3.TestChangePassword" name="test_change_password_ok_and_new_password_works" time="2.271" /><testcase classname="tests.test_iter3.TestEmailDispatch" name="test_register_dispatches_two_emails" time="3.596" /><testcase classname="tests.test_iter3.TestEmailDispatch" name="test_approve_dispatches_one_email" time="5.842" /><testcase classname="tests.test_iter3.TestEmailDispatch" name="test_reject_dispatches_one_email" time="5.851" /><testcase classname="tests.test_iter3.TestEmailSafetyGate" name="test_assert_safe_email_rejects_forms" time="0.002"><skipped type="pytest.skip" message="safe-email gate is validated implicitly by other email tests (no ValueError raised).">/app/backend/tests/test_iter3.py:258: safe-email gate is validated implicitly by other email tests (no ValueError raised).</skipped></testcase><testcase classname="tests.test_iter3" name="test_zzz_cleanup" time="0.345" /></testsuite></testsuites>