<?xml version="1.0" encoding="utf-8"?><testsuites name="pytest tests"><testsuite name="pytest" errors="0" failures="0" skipped="0" tests="13" time="3.151" timestamp="2026-09-05T19:23:31.500357+00:00" hostname="agent-env-d3a85965-039c-4dd7-81c5-3deda0b9a22c"><testcase classname="tests.backend_test.TestRegister" name="test_register_returns_cookies_and_data" time="0.601" /><testcase classname="tests.backend_test.TestMonthlyReport" name="test_monthly_report_ok" time="0.648" /><testcase classname="tests.backend_test.TestRegister" name="test_register_short_password_returns_400" time="0.112" /><testcase classname="tests.backend_test.TestMonthlyReport" name="test_monthly_report_invalid_month_0" time="0.059" /><testcase classname="tests.backend_test.TestMonthlyReport" name="test_monthly_report_invalid_month_13" time="0.055" /><testcase classname="tests.backend_test.TestRegister" name="test_register_duplicate_email_returns_400" time="0.132" /><testcase classname="tests.backend_test.TestMonthlyReport" name="test_monthly_report_requires_auth" time="0.141" /><testcase classname="tests.backend_test.TestChart" name="test_chart_returns_6_buckets" time="0.582" /><testcase classname="tests.backend_test.TestReceiptsAndMultiTenant" name="test_payment_generates_receipt_token_and_public_access" time="1.522" /><testcase classname="tests.backend_test.TestChart" name="test_chart_requires_auth" time="0.104" /><testcase classname="tests.backend_test.TestLogin" name="test_admin_login_returns_business_name_field" time="0.401" /><testcase classname="tests.backend_test.TestReceiptsAndMultiTenant" name="test_receipt_token_not_found" time="0.111" /><testcase classname="tests.backend_test" name="test_zzz_cleanup_test_users" time="0.066" /></testsuite></testsuites>